This file contains any messages produced by compilers while
running configure, to aid debugging if configure makes a mistake.

It was created by FULL-PACKAGE-NAME configure VERSION, which was
generated by GNU Autoconf 2.69.  Invocation command line was

  $ ./configure CC=/home/Rtl819xSource/toolchain/rsdk-1.5.5-4181-EB-2.6.30-0.9.30.3-110225/bin/rsdk-linux-gcc

## --------- ##
## Platform. ##
## --------- ##

hostname = root
uname -m = i686
uname -r = 2.6.31.5-127.fc12.i686.PAE
uname -s = Linux
uname -v = #1 SMP Sat Nov 7 21:25:57 EST 2009

/usr/bin/uname -p = unknown
/bin/uname -X     = unknown

/bin/arch              = i686
/usr/bin/arch -k       = unknown
/usr/convex/getsysinfo = unknown
/usr/bin/hostinfo      = unknown
/bin/machine           = unknown
/usr/bin/oslevel       = unknown
/bin/universe          = unknown

PATH: /usr/lib/qt-3.3/bin
PATH: /usr/kerberos/sbin
PATH: /usr/kerberos/bin
PATH: /usr/lib/ccache
PATH: /usr/local/sbin
PATH: /usr/local/bin
PATH: /sbin
PATH: /bin
PATH: /usr/sbin
PATH: /usr/bin
PATH: /root/bin


## ----------- ##
## Core tests. ##
## ----------- ##

configure:2284: checking for a BSD-compatible install
configure:2352: result: /usr/bin/install -c
configure:2363: checking whether build environment is sane
configure:2413: result: yes
configure:2441: WARNING: `missing' script is too old or missing
configure:2554: checking for a thread-safe mkdir -p
configure:2593: result: /bin/mkdir -p
configure:2606: checking for gawk
configure:2622: found /bin/gawk
configure:2633: result: gawk
configure:2644: checking whether make sets $(MAKE)
configure:2666: result: yes
configure:2806: checking for g++
configure:2822: found /usr/lib/ccache/g++
configure:2833: result: g++
configure:2860: checking for C++ compiler version
configure:2869: g++ --version >&5
g++ (GCC) 4.4.4 20100630 (Red Hat 4.4.4-10)
Copyright (C) 2010 Free Software Foundation, Inc.
This is free software; see the source for copying conditions.  There is NO
warranty; not even for MERCHANTABILITY or FITNESS FOR A PARTICULAR PURPOSE.

configure:2880: $? = 0
configure:2869: g++ -v >&5
Using built-in specs.
Target: i686-redhat-linux
Configured with: ../configure --prefix=/usr --mandir=/usr/share/man --infodir=/usr/share/info --with-bugurl=http://bugzilla.redhat.com/bugzilla --enable-bootstrap --enable-shared --enable-threads=posix --enable-checking=release --with-system-zlib --enable-__cxa_atexit --disable-libunwind-exceptions --enable-gnu-unique-object --enable-languages=c,c++,objc,obj-c++,java,fortran,ada --enable-java-awt=gtk --disable-dssi --enable-plugin --with-java-home=/usr/lib/jvm/java-1.5.0-gcj-1.5.0.0/jre --enable-libgcj-multifile --enable-java-maintainer-mode --with-ecj-jar=/usr/share/java/eclipse-ecj.jar --disable-libjava-multilib --with-ppl --with-cloog --with-tune=generic --with-arch=i686 --build=i686-redhat-linux
Thread model: posix
gcc version 4.4.4 20100630 (Red Hat 4.4.4-10) (GCC) 
configure:2880: $? = 0
configure:2869: g++ -V >&5
g++: '-V' option must have argument
configure:2880: $? = 1
configure:2869: g++ -qversion >&5
g++: unrecognized option '-qversion'
g++: no input files
configure:2880: $? = 1
configure:2900: checking whether the C++ compiler works
configure:2922: g++    conftest.cpp  >&5
configure:2926: $? = 0
configure:2974: result: yes
configure:2977: checking for C++ compiler default output file name
configure:2979: result: a.out
configure:2985: checking for suffix of executables
configure:2992: g++ -o conftest    conftest.cpp  >&5
configure:2996: $? = 0
configure:3018: result: 
configure:3040: checking whether we are cross compiling
configure:3048: g++ -o conftest    conftest.cpp  >&5
configure:3052: $? = 0
configure:3059: ./conftest
configure:3063: $? = 0
configure:3078: result: no
configure:3083: checking for suffix of object files
configure:3105: g++ -c   conftest.cpp >&5
configure:3109: $? = 0
configure:3130: result: o
configure:3134: checking whether we are using the GNU C++ compiler
configure:3153: g++ -c   conftest.cpp >&5
configure:3153: $? = 0
configure:3162: result: yes
configure:3171: checking whether g++ accepts -g
configure:3191: g++ -c -g  conftest.cpp >&5
configure:3191: $? = 0
configure:3232: result: yes
configure:3266: checking for style of include used by make
configure:3294: result: GNU
configure:3320: checking dependency style of g++
configure:3431: result: gcc3
configure:3494: checking for gcc
configure:3521: result: /home/Rtl819xSource/toolchain/rsdk-1.5.5-4181-EB-2.6.30-0.9.30.3-110225/bin/rsdk-linux-gcc
configure:3750: checking for C compiler version
configure:3759: /home/Rtl819xSource/toolchain/rsdk-1.5.5-4181-EB-2.6.30-0.9.30.3-110225/bin/rsdk-linux-gcc --version >&5
mips-linux-xgcc (GCC) 4.4.5-1.5.5p2
Copyright (C) 2010 Free Software Foundation, Inc.
This is free software; see the source for copying conditions.  There is NO
warranty; not even for MERCHANTABILITY or FITNESS FOR A PARTICULAR PURPOSE.

configure:3770: $? = 0
configure:3759: /home/Rtl819xSource/toolchain/rsdk-1.5.5-4181-EB-2.6.30-0.9.30.3-110225/bin/rsdk-linux-gcc -v >&5
Using built-in specs.
Target: mips-linux
Configured with: RSDK Builder release 1.5
Thread model: posix
gcc version 4.4.5-1.5.5p2 (GCC) 
configure:3770: $? = 0
configure:3759: /home/Rtl819xSource/toolchain/rsdk-1.5.5-4181-EB-2.6.30-0.9.30.3-110225/bin/rsdk-linux-gcc -V >&5
mips-linux-xgcc: '-V' must come at the start of the command line
configure:3770: $? = 1
configure:3759: /home/Rtl819xSource/toolchain/rsdk-1.5.5-4181-EB-2.6.30-0.9.30.3-110225/bin/rsdk-linux-gcc -qversion >&5
mips-linux-xgcc: unrecognized option '-qversion'
mips-linux-xgcc: no input files
configure:3770: $? = 1
configure:3774: checking whether we are using the GNU C compiler
configure:3793: /home/Rtl819xSource/toolchain/rsdk-1.5.5-4181-EB-2.6.30-0.9.30.3-110225/bin/rsdk-linux-gcc -c   conftest.c >&5
configure:3793: $? = 0
configure:3802: result: yes
configure:3811: checking whether /home/Rtl819xSource/toolchain/rsdk-1.5.5-4181-EB-2.6.30-0.9.30.3-110225/bin/rsdk-linux-gcc accepts -g
configure:3831: /home/Rtl819xSource/toolchain/rsdk-1.5.5-4181-EB-2.6.30-0.9.30.3-110225/bin/rsdk-linux-gcc -c -g  conftest.c >&5
configure:3831: $? = 0
configure:3872: result: yes
configure:3889: checking for /home/Rtl819xSource/toolchain/rsdk-1.5.5-4181-EB-2.6.30-0.9.30.3-110225/bin/rsdk-linux-gcc option to accept ISO C89
configure:3952: /home/Rtl819xSource/toolchain/rsdk-1.5.5-4181-EB-2.6.30-0.9.30.3-110225/bin/rsdk-linux-gcc  -c -g -O2  conftest.c >&5
configure:3952: $? = 0
configure:3965: result: none needed
configure:3987: checking dependency style of /home/Rtl819xSource/toolchain/rsdk-1.5.5-4181-EB-2.6.30-0.9.30.3-110225/bin/rsdk-linux-gcc
configure:4098: result: gcc3
configure:4123: checking how to run the C preprocessor
configure:4154: /home/Rtl819xSource/toolchain/rsdk-1.5.5-4181-EB-2.6.30-0.9.30.3-110225/bin/rsdk-linux-gcc -E  conftest.c
configure:4154: $? = 0
configure:4168: /home/Rtl819xSource/toolchain/rsdk-1.5.5-4181-EB-2.6.30-0.9.30.3-110225/bin/rsdk-linux-gcc -E  conftest.c
conftest.c:11:28: error: ac_nonexistent.h: No such file or directory
configure:4168: $? = 1
configure: failed program was:
| /* confdefs.h */
| #define PACKAGE_NAME "FULL-PACKAGE-NAME"
| #define PACKAGE_TARNAME "full-package-name"
| #define PACKAGE_VERSION "VERSION"
| #define PACKAGE_STRING "FULL-PACKAGE-NAME VERSION"
| #define PACKAGE_BUGREPORT "BUG-REPORT-ADDRESS"
| #define PACKAGE_URL ""
| #define PACKAGE "phddns"
| #define VERSION "2.0.6.32828"
| /* end confdefs.h.  */
| #include <ac_nonexistent.h>
configure:4193: result: /home/Rtl819xSource/toolchain/rsdk-1.5.5-4181-EB-2.6.30-0.9.30.3-110225/bin/rsdk-linux-gcc -E
configure:4213: /home/Rtl819xSource/toolchain/rsdk-1.5.5-4181-EB-2.6.30-0.9.30.3-110225/bin/rsdk-linux-gcc -E  conftest.c
configure:4213: $? = 0
configure:4227: /home/Rtl819xSource/toolchain/rsdk-1.5.5-4181-EB-2.6.30-0.9.30.3-110225/bin/rsdk-linux-gcc -E  conftest.c
conftest.c:11:28: error: ac_nonexistent.h: No such file or directory
configure:4227: $? = 1
configure: failed program was:
| /* confdefs.h */
| #define PACKAGE_NAME "FULL-PACKAGE-NAME"
| #define PACKAGE_TARNAME "full-package-name"
| #define PACKAGE_VERSION "VERSION"
| #define PACKAGE_STRING "FULL-PACKAGE-NAME VERSION"
| #define PACKAGE_BUGREPORT "BUG-REPORT-ADDRESS"
| #define PACKAGE_URL ""
| #define PACKAGE "phddns"
| #define VERSION "2.0.6.32828"
| /* end confdefs.h.  */
| #include <ac_nonexistent.h>
configure:4256: checking for grep that handles long lines and -e
configure:4314: result: /bin/grep
configure:4319: checking for egrep
configure:4381: result: /bin/grep -E
configure:4386: checking for ANSI C header files
configure:4406: /home/Rtl819xSource/toolchain/rsdk-1.5.5-4181-EB-2.6.30-0.9.30.3-110225/bin/rsdk-linux-gcc -c -g -O2  conftest.c >&5
configure:4406: $? = 0
configure:4479: /home/Rtl819xSource/toolchain/rsdk-1.5.5-4181-EB-2.6.30-0.9.30.3-110225/bin/rsdk-linux-gcc -o conftest -g -O2   conftest.c  >&5
configure:4479: $? = 0
configure:4479: ./conftest
./configure: line 1580: ./conftest: cannot execute binary file
configure:4479: $? = 126
configure: program exited with status 126
configure: failed program was:
| /* confdefs.h */
| #define PACKAGE_NAME "FULL-PACKAGE-NAME"
| #define PACKAGE_TARNAME "full-package-name"
| #define PACKAGE_VERSION "VERSION"
| #define PACKAGE_STRING "FULL-PACKAGE-NAME VERSION"
| #define PACKAGE_BUGREPORT "BUG-REPORT-ADDRESS"
| #define PACKAGE_URL ""
| #define PACKAGE "phddns"
| #define VERSION "2.0.6.32828"
| /* end confdefs.h.  */
| #include <ctype.h>
| #include <stdlib.h>
| #if ((' ' & 0x0FF) == 0x020)
| # define ISLOWER(c) ('a' <= (c) && (c) <= 'z')
| # define TOUPPER(c) (ISLOWER(c) ? 'A' + ((c) - 'a') : (c))
| #else
| # define ISLOWER(c) 		   (('a' <= (c) && (c) <= 'i') 		     || ('j' <= (c) && (c) <= 'r') 		     || ('s' <= (c) && (c) <= 'z'))
| # define TOUPPER(c) (ISLOWER(c) ? ((c) | 0x40) : (c))
| #endif
| 
| #define XOR(e, f) (((e) && !(f)) || (!(e) && (f)))
| int
| main ()
| {
|   int i;
|   for (i = 0; i < 256; i++)
|     if (XOR (islower (i), ISLOWER (i))
| 	|| toupper (i) != TOUPPER (i))
|       return 2;
|   return 0;
| }
configure:4490: result: no
configure:4503: checking for sys/types.h
configure:4503: /home/Rtl819xSource/toolchain/rsdk-1.5.5-4181-EB-2.6.30-0.9.30.3-110225/bin/rsdk-linux-gcc -c -g -O2  conftest.c >&5
configure:4503: $? = 0
configure:4503: result: yes
configure:4503: checking for sys/stat.h
configure:4503: /home/Rtl819xSource/toolchain/rsdk-1.5.5-4181-EB-2.6.30-0.9.30.3-110225/bin/rsdk-linux-gcc -c -g -O2  conftest.c >&5
configure:4503: $? = 0
configure:4503: result: yes
configure:4503: checking for stdlib.h
configure:4503: /home/Rtl819xSource/toolchain/rsdk-1.5.5-4181-EB-2.6.30-0.9.30.3-110225/bin/rsdk-linux-gcc -c -g -O2  conftest.c >&5
configure:4503: $? = 0
configure:4503: result: yes
configure:4503: checking for string.h
configure:4503: /home/Rtl819xSource/toolchain/rsdk-1.5.5-4181-EB-2.6.30-0.9.30.3-110225/bin/rsdk-linux-gcc -c -g -O2  conftest.c >&5
configure:4503: $? = 0
configure:4503: result: yes
configure:4503: checking for memory.h
configure:4503: /home/Rtl819xSource/toolchain/rsdk-1.5.5-4181-EB-2.6.30-0.9.30.3-110225/bin/rsdk-linux-gcc -c -g -O2  conftest.c >&5
configure:4503: $? = 0
configure:4503: result: yes
configure:4503: checking for strings.h
configure:4503: /home/Rtl819xSource/toolchain/rsdk-1.5.5-4181-EB-2.6.30-0.9.30.3-110225/bin/rsdk-linux-gcc -c -g -O2  conftest.c >&5
configure:4503: $? = 0
configure:4503: result: yes
configure:4503: checking for inttypes.h
configure:4503: /home/Rtl819xSource/toolchain/rsdk-1.5.5-4181-EB-2.6.30-0.9.30.3-110225/bin/rsdk-linux-gcc -c -g -O2  conftest.c >&5
configure:4503: $? = 0
configure:4503: result: yes
configure:4503: checking for stdint.h
configure:4503: /home/Rtl819xSource/toolchain/rsdk-1.5.5-4181-EB-2.6.30-0.9.30.3-110225/bin/rsdk-linux-gcc -c -g -O2  conftest.c >&5
configure:4503: $? = 0
configure:4503: result: yes
configure:4503: checking for unistd.h
configure:4503: /home/Rtl819xSource/toolchain/rsdk-1.5.5-4181-EB-2.6.30-0.9.30.3-110225/bin/rsdk-linux-gcc -c -g -O2  conftest.c >&5
configure:4503: $? = 0
configure:4503: result: yes
configure:4518: checking arpa/inet.h usability
configure:4518: /home/Rtl819xSource/toolchain/rsdk-1.5.5-4181-EB-2.6.30-0.9.30.3-110225/bin/rsdk-linux-gcc -c -g -O2  conftest.c >&5
configure:4518: $? = 0
configure:4518: result: yes
configure:4518: checking arpa/inet.h presence
configure:4518: /home/Rtl819xSource/toolchain/rsdk-1.5.5-4181-EB-2.6.30-0.9.30.3-110225/bin/rsdk-linux-gcc -E  conftest.c
configure:4518: $? = 0
configure:4518: result: yes
configure:4518: checking for arpa/inet.h
configure:4518: result: yes
configure:4518: checking fcntl.h usability
configure:4518: /home/Rtl819xSource/toolchain/rsdk-1.5.5-4181-EB-2.6.30-0.9.30.3-110225/bin/rsdk-linux-gcc -c -g -O2  conftest.c >&5
configure:4518: $? = 0
configure:4518: result: yes
configure:4518: checking fcntl.h presence
configure:4518: /home/Rtl819xSource/toolchain/rsdk-1.5.5-4181-EB-2.6.30-0.9.30.3-110225/bin/rsdk-linux-gcc -E  conftest.c
configure:4518: $? = 0
configure:4518: result: yes
configure:4518: checking for fcntl.h
configure:4518: result: yes
configure:4518: checking for memory.h
configure:4518: result: yes
configure:4518: checking netdb.h usability
configure:4518: /home/Rtl819xSource/toolchain/rsdk-1.5.5-4181-EB-2.6.30-0.9.30.3-110225/bin/rsdk-linux-gcc -c -g -O2  conftest.c >&5
configure:4518: $? = 0
configure:4518: result: yes
configure:4518: checking netdb.h presence
configure:4518: /home/Rtl819xSource/toolchain/rsdk-1.5.5-4181-EB-2.6.30-0.9.30.3-110225/bin/rsdk-linux-gcc -E  conftest.c
configure:4518: $? = 0
configure:4518: result: yes
configure:4518: checking for netdb.h
configure:4518: result: yes
configure:4518: checking netinet/in.h usability
configure:4518: /home/Rtl819xSource/toolchain/rsdk-1.5.5-4181-EB-2.6.30-0.9.30.3-110225/bin/rsdk-linux-gcc -c -g -O2  conftest.c >&5
configure:4518: $? = 0
configure:4518: result: yes
configure:4518: checking netinet/in.h presence
configure:4518: /home/Rtl819xSource/toolchain/rsdk-1.5.5-4181-EB-2.6.30-0.9.30.3-110225/bin/rsdk-linux-gcc -E  conftest.c
configure:4518: $? = 0
configure:4518: result: yes
configure:4518: checking for netinet/in.h
configure:4518: result: yes
configure:4518: checking stddef.h usability
configure:4518: /home/Rtl819xSource/toolchain/rsdk-1.5.5-4181-EB-2.6.30-0.9.30.3-110225/bin/rsdk-linux-gcc -c -g -O2  conftest.c >&5
configure:4518: $? = 0
configure:4518: result: yes
configure:4518: checking stddef.h presence
configure:4518: /home/Rtl819xSource/toolchain/rsdk-1.5.5-4181-EB-2.6.30-0.9.30.3-110225/bin/rsdk-linux-gcc -E  conftest.c
configure:4518: $? = 0
configure:4518: result: yes
configure:4518: checking for stddef.h
configure:4518: result: yes
configure:4518: checking for stdlib.h
configure:4518: result: yes
configure:4518: checking for string.h
configure:4518: result: yes
configure:4518: checking sys/ioctl.h usability
configure:4518: /home/Rtl819xSource/toolchain/rsdk-1.5.5-4181-EB-2.6.30-0.9.30.3-110225/bin/rsdk-linux-gcc -c -g -O2  conftest.c >&5
configure:4518: $? = 0
configure:4518: result: yes
configure:4518: checking sys/ioctl.h presence
configure:4518: /home/Rtl819xSource/toolchain/rsdk-1.5.5-4181-EB-2.6.30-0.9.30.3-110225/bin/rsdk-linux-gcc -E  conftest.c
configure:4518: $? = 0
configure:4518: result: yes
configure:4518: checking for sys/ioctl.h
configure:4518: result: yes
configure:4518: checking sys/socket.h usability
configure:4518: /home/Rtl819xSource/toolchain/rsdk-1.5.5-4181-EB-2.6.30-0.9.30.3-110225/bin/rsdk-linux-gcc -c -g -O2  conftest.c >&5
configure:4518: $? = 0
configure:4518: result: yes
configure:4518: checking sys/socket.h presence
configure:4518: /home/Rtl819xSource/toolchain/rsdk-1.5.5-4181-EB-2.6.30-0.9.30.3-110225/bin/rsdk-linux-gcc -E  conftest.c
configure:4518: $? = 0
configure:4518: result: yes
configure:4518: checking for sys/socket.h
configure:4518: result: yes
configure:4518: checking sys/time.h usability
configure:4518: /home/Rtl819xSource/toolchain/rsdk-1.5.5-4181-EB-2.6.30-0.9.30.3-110225/bin/rsdk-linux-gcc -c -g -O2  conftest.c >&5
configure:4518: $? = 0
configure:4518: result: yes
configure:4518: checking sys/time.h presence
configure:4518: /home/Rtl819xSource/toolchain/rsdk-1.5.5-4181-EB-2.6.30-0.9.30.3-110225/bin/rsdk-linux-gcc -E  conftest.c
configure:4518: $? = 0
configure:4518: result: yes
configure:4518: checking for sys/time.h
configure:4518: result: yes
configure:4518: checking sys/timeb.h usability
configure:4518: /home/Rtl819xSource/toolchain/rsdk-1.5.5-4181-EB-2.6.30-0.9.30.3-110225/bin/rsdk-linux-gcc -c -g -O2  conftest.c >&5
configure:4518: $? = 0
configure:4518: result: yes
configure:4518: checking sys/timeb.h presence
configure:4518: /home/Rtl819xSource/toolchain/rsdk-1.5.5-4181-EB-2.6.30-0.9.30.3-110225/bin/rsdk-linux-gcc -E  conftest.c
configure:4518: $? = 0
configure:4518: result: yes
configure:4518: checking for sys/timeb.h
configure:4518: result: yes
configure:4518: checking termios.h usability
configure:4518: /home/Rtl819xSource/toolchain/rsdk-1.5.5-4181-EB-2.6.30-0.9.30.3-110225/bin/rsdk-linux-gcc -c -g -O2  conftest.c >&5
configure:4518: $? = 0
configure:4518: result: yes
configure:4518: checking termios.h presence
configure:4518: /home/Rtl819xSource/toolchain/rsdk-1.5.5-4181-EB-2.6.30-0.9.30.3-110225/bin/rsdk-linux-gcc -E  conftest.c
configure:4518: $? = 0
configure:4518: result: yes
configure:4518: checking for termios.h
configure:4518: result: yes
configure:4518: checking for unistd.h
configure:4518: result: yes
configure:4530: checking for stdbool.h that conforms to C99
configure:4597: /home/Rtl819xSource/toolchain/rsdk-1.5.5-4181-EB-2.6.30-0.9.30.3-110225/bin/rsdk-linux-gcc -c -g -O2  conftest.c >&5
configure:4597: $? = 0
configure:4604: result: yes
configure:4606: checking for _Bool
configure:4606: /home/Rtl819xSource/toolchain/rsdk-1.5.5-4181-EB-2.6.30-0.9.30.3-110225/bin/rsdk-linux-gcc -c -g -O2  conftest.c >&5
configure:4606: $? = 0
configure:4606: /home/Rtl819xSource/toolchain/rsdk-1.5.5-4181-EB-2.6.30-0.9.30.3-110225/bin/rsdk-linux-gcc -c -g -O2  conftest.c >&5
conftest.c: In function 'main':
conftest.c:70: error: expected expression before ')' token
configure:4606: $? = 1
configure: failed program was:
| /* confdefs.h */
| #define PACKAGE_NAME "FULL-PACKAGE-NAME"
| #define PACKAGE_TARNAME "full-package-name"
| #define PACKAGE_VERSION "VERSION"
| #define PACKAGE_STRING "FULL-PACKAGE-NAME VERSION"
| #define PACKAGE_BUGREPORT "BUG-REPORT-ADDRESS"
| #define PACKAGE_URL ""
| #define PACKAGE "phddns"
| #define VERSION "2.0.6.32828"
| #define HAVE_SYS_TYPES_H 1
| #define HAVE_SYS_STAT_H 1
| #define HAVE_STDLIB_H 1
| #define HAVE_STRING_H 1
| #define HAVE_MEMORY_H 1
| #define HAVE_STRINGS_H 1
| #define HAVE_INTTYPES_H 1
| #define HAVE_STDINT_H 1
| #define HAVE_UNISTD_H 1
| #define HAVE_ARPA_INET_H 1
| #define HAVE_FCNTL_H 1
| #define HAVE_MEMORY_H 1
| #define HAVE_NETDB_H 1
| #define HAVE_NETINET_IN_H 1
| #define HAVE_STDDEF_H 1
| #define HAVE_STDLIB_H 1
| #define HAVE_STRING_H 1
| #define HAVE_SYS_IOCTL_H 1
| #define HAVE_SYS_SOCKET_H 1
| #define HAVE_SYS_TIME_H 1
| #define HAVE_SYS_TIMEB_H 1
| #define HAVE_TERMIOS_H 1
| #define HAVE_UNISTD_H 1
| /* end confdefs.h.  */
| #include <stdio.h>
| #ifdef HAVE_SYS_TYPES_H
| # include <sys/types.h>
| #endif
| #ifdef HAVE_SYS_STAT_H
| # include <sys/stat.h>
| #endif
| #ifdef STDC_HEADERS
| # include <stdlib.h>
| # include <stddef.h>
| #else
| # ifdef HAVE_STDLIB_H
| #  include <stdlib.h>
| # endif
| #endif
| #ifdef HAVE_STRING_H
| # if !defined STDC_HEADERS && defined HAVE_MEMORY_H
| #  include <memory.h>
| # endif
| # include <string.h>
| #endif
| #ifdef HAVE_STRINGS_H
| # include <strings.h>
| #endif
| #ifdef HAVE_INTTYPES_H
| # include <inttypes.h>
| #endif
| #ifdef HAVE_STDINT_H
| # include <stdint.h>
| #endif
| #ifdef HAVE_UNISTD_H
| # include <unistd.h>
| #endif
| int
| main ()
| {
| if (sizeof ((_Bool)))
| 	    return 0;
|   ;
|   return 0;
| }
configure:4606: result: yes
configure:4623: checking for an ANSI C-conforming const
configure:4689: /home/Rtl819xSource/toolchain/rsdk-1.5.5-4181-EB-2.6.30-0.9.30.3-110225/bin/rsdk-linux-gcc -c -g -O2  conftest.c >&5
configure:4689: $? = 0
configure:4696: result: yes
configure:4704: checking for inline
configure:4720: /home/Rtl819xSource/toolchain/rsdk-1.5.5-4181-EB-2.6.30-0.9.30.3-110225/bin/rsdk-linux-gcc -c -g -O2  conftest.c >&5
configure:4720: $? = 0
configure:4728: result: inline
configure:4746: checking for size_t
configure:4746: /home/Rtl819xSource/toolchain/rsdk-1.5.5-4181-EB-2.6.30-0.9.30.3-110225/bin/rsdk-linux-gcc -c -g -O2  conftest.c >&5
configure:4746: $? = 0
configure:4746: /home/Rtl819xSource/toolchain/rsdk-1.5.5-4181-EB-2.6.30-0.9.30.3-110225/bin/rsdk-linux-gcc -c -g -O2  conftest.c >&5
conftest.c: In function 'main':
conftest.c:72: error: expected expression before ')' token
configure:4746: $? = 1
configure: failed program was:
| /* confdefs.h */
| #define PACKAGE_NAME "FULL-PACKAGE-NAME"
| #define PACKAGE_TARNAME "full-package-name"
| #define PACKAGE_VERSION "VERSION"
| #define PACKAGE_STRING "FULL-PACKAGE-NAME VERSION"
| #define PACKAGE_BUGREPORT "BUG-REPORT-ADDRESS"
| #define PACKAGE_URL ""
| #define PACKAGE "phddns"
| #define VERSION "2.0.6.32828"
| #define HAVE_SYS_TYPES_H 1
| #define HAVE_SYS_STAT_H 1
| #define HAVE_STDLIB_H 1
| #define HAVE_STRING_H 1
| #define HAVE_MEMORY_H 1
| #define HAVE_STRINGS_H 1
| #define HAVE_INTTYPES_H 1
| #define HAVE_STDINT_H 1
| #define HAVE_UNISTD_H 1
| #define HAVE_ARPA_INET_H 1
| #define HAVE_FCNTL_H 1
| #define HAVE_MEMORY_H 1
| #define HAVE_NETDB_H 1
| #define HAVE_NETINET_IN_H 1
| #define HAVE_STDDEF_H 1
| #define HAVE_STDLIB_H 1
| #define HAVE_STRING_H 1
| #define HAVE_SYS_IOCTL_H 1
| #define HAVE_SYS_SOCKET_H 1
| #define HAVE_SYS_TIME_H 1
| #define HAVE_SYS_TIMEB_H 1
| #define HAVE_TERMIOS_H 1
| #define HAVE_UNISTD_H 1
| #define HAVE__BOOL 1
| #define HAVE_STDBOOL_H 1
| /* end confdefs.h.  */
| #include <stdio.h>
| #ifdef HAVE_SYS_TYPES_H
| # include <sys/types.h>
| #endif
| #ifdef HAVE_SYS_STAT_H
| # include <sys/stat.h>
| #endif
| #ifdef STDC_HEADERS
| # include <stdlib.h>
| # include <stddef.h>
| #else
| # ifdef HAVE_STDLIB_H
| #  include <stdlib.h>
| # endif
| #endif
| #ifdef HAVE_STRING_H
| # if !defined STDC_HEADERS && defined HAVE_MEMORY_H
| #  include <memory.h>
| # endif
| # include <string.h>
| #endif
| #ifdef HAVE_STRINGS_H
| # include <strings.h>
| #endif
| #ifdef HAVE_INTTYPES_H
| # include <inttypes.h>
| #endif
| #ifdef HAVE_STDINT_H
| # include <stdint.h>
| #endif
| #ifdef HAVE_UNISTD_H
| # include <unistd.h>
| #endif
| int
| main ()
| {
| if (sizeof ((size_t)))
| 	    return 0;
|   ;
|   return 0;
| }
configure:4746: result: yes
configure:4757: checking whether time.h and sys/time.h may both be included
configure:4777: /home/Rtl819xSource/toolchain/rsdk-1.5.5-4181-EB-2.6.30-0.9.30.3-110225/bin/rsdk-linux-gcc -c -g -O2  conftest.c >&5
configure:4777: $? = 0
configure:4784: result: yes
configure:4792: checking whether struct tm is in sys/time.h or time.h
configure:4812: /home/Rtl819xSource/toolchain/rsdk-1.5.5-4181-EB-2.6.30-0.9.30.3-110225/bin/rsdk-linux-gcc -c -g -O2  conftest.c >&5
configure:4812: $? = 0
configure:4819: result: time.h
configure:4832: checking sys/select.h usability
configure:4832: /home/Rtl819xSource/toolchain/rsdk-1.5.5-4181-EB-2.6.30-0.9.30.3-110225/bin/rsdk-linux-gcc -c -g -O2  conftest.c >&5
configure:4832: $? = 0
configure:4832: result: yes
configure:4832: checking sys/select.h presence
configure:4832: /home/Rtl819xSource/toolchain/rsdk-1.5.5-4181-EB-2.6.30-0.9.30.3-110225/bin/rsdk-linux-gcc -E  conftest.c
configure:4832: $? = 0
configure:4832: result: yes
configure:4832: checking for sys/select.h
configure:4832: result: yes
configure:4832: checking for sys/socket.h
configure:4832: result: yes
configure:4842: checking types of arguments for select
configure:4870: /home/Rtl819xSource/toolchain/rsdk-1.5.5-4181-EB-2.6.30-0.9.30.3-110225/bin/rsdk-linux-gcc -c -g -O2  conftest.c >&5
configure:4870: $? = 0
configure:4881: result: int,fd_set *,struct timeval *
configure:4904: checking return type of signal handlers
configure:4922: /home/Rtl819xSource/toolchain/rsdk-1.5.5-4181-EB-2.6.30-0.9.30.3-110225/bin/rsdk-linux-gcc -c -g -O2  conftest.c >&5
conftest.c: In function 'main':
conftest.c:48: error: void value not ignored as it ought to be
configure:4922: $? = 1
configure: failed program was:
| /* confdefs.h */
| #define PACKAGE_NAME "FULL-PACKAGE-NAME"
| #define PACKAGE_TARNAME "full-package-name"
| #define PACKAGE_VERSION "VERSION"
| #define PACKAGE_STRING "FULL-PACKAGE-NAME VERSION"
| #define PACKAGE_BUGREPORT "BUG-REPORT-ADDRESS"
| #define PACKAGE_URL ""
| #define PACKAGE "phddns"
| #define VERSION "2.0.6.32828"
| #define HAVE_SYS_TYPES_H 1
| #define HAVE_SYS_STAT_H 1
| #define HAVE_STDLIB_H 1
| #define HAVE_STRING_H 1
| #define HAVE_MEMORY_H 1
| #define HAVE_STRINGS_H 1
| #define HAVE_INTTYPES_H 1
| #define HAVE_STDINT_H 1
| #define HAVE_UNISTD_H 1
| #define HAVE_ARPA_INET_H 1
| #define HAVE_FCNTL_H 1
| #define HAVE_MEMORY_H 1
| #define HAVE_NETDB_H 1
| #define HAVE_NETINET_IN_H 1
| #define HAVE_STDDEF_H 1
| #define HAVE_STDLIB_H 1
| #define HAVE_STRING_H 1
| #define HAVE_SYS_IOCTL_H 1
| #define HAVE_SYS_SOCKET_H 1
| #define HAVE_SYS_TIME_H 1
| #define HAVE_SYS_TIMEB_H 1
| #define HAVE_TERMIOS_H 1
| #define HAVE_UNISTD_H 1
| #define HAVE__BOOL 1
| #define HAVE_STDBOOL_H 1
| #define TIME_WITH_SYS_TIME 1
| #define HAVE_SYS_SELECT_H 1
| #define HAVE_SYS_SOCKET_H 1
| #define SELECT_TYPE_ARG1 int
| #define SELECT_TYPE_ARG234 (fd_set *)
| #define SELECT_TYPE_ARG5 (struct timeval *)
| /* end confdefs.h.  */
| #include <sys/types.h>
| #include <signal.h>
| 
| int
| main ()
| {
| return *(signal (0, 0)) (0) == 1;
|   ;
|   return 0;
| }
configure:4929: result: void
configure:4939: checking for strftime
configure:4939: /home/Rtl819xSource/toolchain/rsdk-1.5.5-4181-EB-2.6.30-0.9.30.3-110225/bin/rsdk-linux-gcc -o conftest -g -O2   conftest.c  >&5
conftest.c:66: warning: conflicting types for built-in function 'strftime'
configure:4939: $? = 0
configure:4939: result: yes
configure:4994: checking for vprintf
configure:4994: /home/Rtl819xSource/toolchain/rsdk-1.5.5-4181-EB-2.6.30-0.9.30.3-110225/bin/rsdk-linux-gcc -o conftest -g -O2   conftest.c  >&5
conftest.c:67: warning: conflicting types for built-in function 'vprintf'
configure:4994: $? = 0
configure:4994: result: yes
configure:5000: checking for _doprnt
configure:5000: /home/Rtl819xSource/toolchain/rsdk-1.5.5-4181-EB-2.6.30-0.9.30.3-110225/bin/rsdk-linux-gcc -o conftest -g -O2   conftest.c  >&5
/tmp/ccshKBK1.o: In function `main':
/home/Rtl819xSource/users/phddns/conftest.c:79: undefined reference to `_doprnt'
collect2: ld returned 1 exit status
configure:5000: $? = 1
configure: failed program was:
| /* confdefs.h */
| #define PACKAGE_NAME "FULL-PACKAGE-NAME"
| #define PACKAGE_TARNAME "full-package-name"
| #define PACKAGE_VERSION "VERSION"
| #define PACKAGE_STRING "FULL-PACKAGE-NAME VERSION"
| #define PACKAGE_BUGREPORT "BUG-REPORT-ADDRESS"
| #define PACKAGE_URL ""
| #define PACKAGE "phddns"
| #define VERSION "2.0.6.32828"
| #define HAVE_SYS_TYPES_H 1
| #define HAVE_SYS_STAT_H 1
| #define HAVE_STDLIB_H 1
| #define HAVE_STRING_H 1
| #define HAVE_MEMORY_H 1
| #define HAVE_STRINGS_H 1
| #define HAVE_INTTYPES_H 1
| #define HAVE_STDINT_H 1
| #define HAVE_UNISTD_H 1
| #define HAVE_ARPA_INET_H 1
| #define HAVE_FCNTL_H 1
| #define HAVE_MEMORY_H 1
| #define HAVE_NETDB_H 1
| #define HAVE_NETINET_IN_H 1
| #define HAVE_STDDEF_H 1
| #define HAVE_STDLIB_H 1
| #define HAVE_STRING_H 1
| #define HAVE_SYS_IOCTL_H 1
| #define HAVE_SYS_SOCKET_H 1
| #define HAVE_SYS_TIME_H 1
| #define HAVE_SYS_TIMEB_H 1
| #define HAVE_TERMIOS_H 1
| #define HAVE_UNISTD_H 1
| #define HAVE__BOOL 1
| #define HAVE_STDBOOL_H 1
| #define TIME_WITH_SYS_TIME 1
| #define HAVE_SYS_SELECT_H 1
| #define HAVE_SYS_SOCKET_H 1
| #define SELECT_TYPE_ARG1 int
| #define SELECT_TYPE_ARG234 (fd_set *)
| #define SELECT_TYPE_ARG5 (struct timeval *)
| #define RETSIGTYPE void
| #define HAVE_STRFTIME 1
| #define HAVE_VPRINTF 1
| /* end confdefs.h.  */
| /* Define _doprnt to an innocuous variant, in case <limits.h> declares _doprnt.
|    For example, HP-UX 11i <limits.h> declares gettimeofday.  */
| #define _doprnt innocuous__doprnt
| 
| /* System header to define __stub macros and hopefully few prototypes,
|     which can conflict with char _doprnt (); below.
|     Prefer <limits.h> to <assert.h> if __STDC__ is defined, since
|     <limits.h> exists even on freestanding compilers.  */
| 
| #ifdef __STDC__
| # include <limits.h>
| #else
| # include <assert.h>
| #endif
| 
| #undef _doprnt
| 
| /* Override any GCC internal prototype to avoid an error.
|    Use char because int might match the return type of a GCC
|    builtin and then its argument prototype would still apply.  */
| #ifdef __cplusplus
| extern "C"
| #endif
| char _doprnt ();
| /* The GNU C library defines this for functions which it implements
|     to always fail with ENOSYS.  Some functions are actually named
|     something starting with __ and the normal name is an alias.  */
| #if defined __stub__doprnt || defined __stub____doprnt
| choke me
| #endif
| 
| int
| main ()
| {
| return _doprnt ();
|   ;
|   return 0;
| }
configure:5000: result: no
configure:5014: checking for gethostbyname
configure:5014: /home/Rtl819xSource/toolchain/rsdk-1.5.5-4181-EB-2.6.30-0.9.30.3-110225/bin/rsdk-linux-gcc -o conftest -g -O2   conftest.c  >&5
configure:5014: $? = 0
configure:5014: result: yes
configure:5014: checking for inet_ntoa
configure:5014: /home/Rtl819xSource/toolchain/rsdk-1.5.5-4181-EB-2.6.30-0.9.30.3-110225/bin/rsdk-linux-gcc -o conftest -g -O2   conftest.c  >&5
configure:5014: $? = 0
configure:5014: result: yes
configure:5014: checking for isascii
configure:5014: /home/Rtl819xSource/toolchain/rsdk-1.5.5-4181-EB-2.6.30-0.9.30.3-110225/bin/rsdk-linux-gcc -o conftest -g -O2   conftest.c  >&5
conftest.c:70: warning: conflicting types for built-in function 'isascii'
configure:5014: $? = 0
configure:5014: result: yes
configure:5014: checking for memset
configure:5014: /home/Rtl819xSource/toolchain/rsdk-1.5.5-4181-EB-2.6.30-0.9.30.3-110225/bin/rsdk-linux-gcc -o conftest -g -O2   conftest.c  >&5
conftest.c:71: warning: conflicting types for built-in function 'memset'
configure:5014: $? = 0
configure:5014: result: yes
configure:5014: checking for select
configure:5014: /home/Rtl819xSource/toolchain/rsdk-1.5.5-4181-EB-2.6.30-0.9.30.3-110225/bin/rsdk-linux-gcc -o conftest -g -O2   conftest.c  >&5
configure:5014: $? = 0
configure:5014: result: yes
configure:5014: checking for socket
configure:5014: /home/Rtl819xSource/toolchain/rsdk-1.5.5-4181-EB-2.6.30-0.9.30.3-110225/bin/rsdk-linux-gcc -o conftest -g -O2   conftest.c  >&5
configure:5014: $? = 0
configure:5014: result: yes
configure:5014: checking for strchr
configure:5014: /home/Rtl819xSource/toolchain/rsdk-1.5.5-4181-EB-2.6.30-0.9.30.3-110225/bin/rsdk-linux-gcc -o conftest -g -O2   conftest.c  >&5
conftest.c:74: warning: conflicting types for built-in function 'strchr'
configure:5014: $? = 0
configure:5014: result: yes
configure:5014: checking for strstr
configure:5014: /home/Rtl819xSource/toolchain/rsdk-1.5.5-4181-EB-2.6.30-0.9.30.3-110225/bin/rsdk-linux-gcc -o conftest -g -O2   conftest.c  >&5
conftest.c:75: warning: conflicting types for built-in function 'strstr'
configure:5014: $? = 0
configure:5014: result: yes
configure:5195: creating ./config.status

## ---------------------- ##
## Running config.status. ##
## ---------------------- ##

This file was extended by FULL-PACKAGE-NAME config.status VERSION, which was
generated by GNU Autoconf 2.69.  Invocation command line was

  CONFIG_FILES    = 
  CONFIG_HEADERS  = 
  CONFIG_LINKS    = 
  CONFIG_COMMANDS = 
  $ ./config.status 

on root

config.status:784: creating Makefile
config.status:784: creating src/Makefile
config.status:956: executing depfiles commands

## ---------------- ##
## Cache variables. ##
## ---------------- ##

ac_cv_c_compiler_gnu=yes
ac_cv_c_const=yes
ac_cv_c_inline=inline
ac_cv_cxx_compiler_gnu=yes
ac_cv_env_CCC_set=
ac_cv_env_CCC_value=
ac_cv_env_CC_set=set
ac_cv_env_CC_value=/home/Rtl819xSource/toolchain/rsdk-1.5.5-4181-EB-2.6.30-0.9.30.3-110225/bin/rsdk-linux-gcc
ac_cv_env_CFLAGS_set=
ac_cv_env_CFLAGS_value=
ac_cv_env_CPPFLAGS_set=
ac_cv_env_CPPFLAGS_value=
ac_cv_env_CPP_set=
ac_cv_env_CPP_value=
ac_cv_env_CXXFLAGS_set=
ac_cv_env_CXXFLAGS_value=
ac_cv_env_CXX_set=
ac_cv_env_CXX_value=
ac_cv_env_LDFLAGS_set=
ac_cv_env_LDFLAGS_value=
ac_cv_env_LIBS_set=
ac_cv_env_LIBS_value=
ac_cv_env_build_alias_set=
ac_cv_env_build_alias_value=
ac_cv_env_host_alias_set=
ac_cv_env_host_alias_value=
ac_cv_env_target_alias_set=
ac_cv_env_target_alias_value=
ac_cv_func__doprnt=no
ac_cv_func_gethostbyname=yes
ac_cv_func_inet_ntoa=yes
ac_cv_func_isascii=yes
ac_cv_func_memset=yes
ac_cv_func_select=yes
ac_cv_func_select_args='int,fd_set *,struct timeval *'
ac_cv_func_socket=yes
ac_cv_func_strchr=yes
ac_cv_func_strftime=yes
ac_cv_func_strstr=yes
ac_cv_func_vprintf=yes
ac_cv_header_arpa_inet_h=yes
ac_cv_header_fcntl_h=yes
ac_cv_header_inttypes_h=yes
ac_cv_header_memory_h=yes
ac_cv_header_netdb_h=yes
ac_cv_header_netinet_in_h=yes
ac_cv_header_stdbool_h=yes
ac_cv_header_stdc=no
ac_cv_header_stddef_h=yes
ac_cv_header_stdint_h=yes
ac_cv_header_stdlib_h=yes
ac_cv_header_string_h=yes
ac_cv_header_strings_h=yes
ac_cv_header_sys_ioctl_h=yes
ac_cv_header_sys_select_h=yes
ac_cv_header_sys_socket_h=yes
ac_cv_header_sys_stat_h=yes
ac_cv_header_sys_time_h=yes
ac_cv_header_sys_timeb_h=yes
ac_cv_header_sys_types_h=yes
ac_cv_header_termios_h=yes
ac_cv_header_time=yes
ac_cv_header_unistd_h=yes
ac_cv_objext=o
ac_cv_path_EGREP='/bin/grep -E'
ac_cv_path_GREP=/bin/grep
ac_cv_path_install='/usr/bin/install -c'
ac_cv_path_mkdir=/bin/mkdir
ac_cv_prog_AWK=gawk
ac_cv_prog_CPP='/home/Rtl819xSource/toolchain/rsdk-1.5.5-4181-EB-2.6.30-0.9.30.3-110225/bin/rsdk-linux-gcc -E'
ac_cv_prog_ac_ct_CC=/home/Rtl819xSource/toolchain/rsdk-1.5.5-4181-EB-2.6.30-0.9.30.3-110225/bin/rsdk-linux-gcc
ac_cv_prog_ac_ct_CXX=g++
ac_cv_prog_cc_c89=
ac_cv_prog_cc_g=yes
ac_cv_prog_cxx_g=yes
ac_cv_prog_make_make_set=yes
ac_cv_struct_tm=time.h
ac_cv_type__Bool=yes
ac_cv_type_signal=void
ac_cv_type_size_t=yes
am_cv_CC_dependencies_compiler_type=gcc3
am_cv_CXX_dependencies_compiler_type=gcc3

## ----------------- ##
## Output variables. ##
## ----------------- ##

ACLOCAL='aclocal-1.11'
AMDEPBACKSLASH='\'
AMDEP_FALSE='#'
AMDEP_TRUE=''
AMTAR='$${TAR-tar}'
AUTOCONF='autoconf'
AUTOHEADER='autoheader'
AUTOMAKE='automake-1.11'
AWK='gawk'
CC='/home/Rtl819xSource/toolchain/rsdk-1.5.5-4181-EB-2.6.30-0.9.30.3-110225/bin/rsdk-linux-gcc'
CCDEPMODE='depmode=gcc3'
CFLAGS='-g -O2'
CPP='/home/Rtl819xSource/toolchain/rsdk-1.5.5-4181-EB-2.6.30-0.9.30.3-110225/bin/rsdk-linux-gcc -E'
CPPFLAGS=''
CXX='g++'
CXXDEPMODE='depmode=gcc3'
CXXFLAGS='-g -O2'
CYGPATH_W='echo'
DEFS='-DPACKAGE_NAME=\"FULL-PACKAGE-NAME\" -DPACKAGE_TARNAME=\"full-package-name\" -DPACKAGE_VERSION=\"VERSION\" -DPACKAGE_STRING=\"FULL-PACKAGE-NAME\ VERSION\" -DPACKAGE_BUGREPORT=\"BUG-REPORT-ADDRESS\" -DPACKAGE_URL=\"\" -DPACKAGE=\"phddns\" -DVERSION=\"2.0.6.32828\" -DHAVE_SYS_TYPES_H=1 -DHAVE_SYS_STAT_H=1 -DHAVE_STDLIB_H=1 -DHAVE_STRING_H=1 -DHAVE_MEMORY_H=1 -DHAVE_STRINGS_H=1 -DHAVE_INTTYPES_H=1 -DHAVE_STDINT_H=1 -DHAVE_UNISTD_H=1 -DHAVE_ARPA_INET_H=1 -DHAVE_FCNTL_H=1 -DHAVE_MEMORY_H=1 -DHAVE_NETDB_H=1 -DHAVE_NETINET_IN_H=1 -DHAVE_STDDEF_H=1 -DHAVE_STDLIB_H=1 -DHAVE_STRING_H=1 -DHAVE_SYS_IOCTL_H=1 -DHAVE_SYS_SOCKET_H=1 -DHAVE_SYS_TIME_H=1 -DHAVE_SYS_TIMEB_H=1 -DHAVE_TERMIOS_H=1 -DHAVE_UNISTD_H=1 -DHAVE__BOOL=1 -DHAVE_STDBOOL_H=1 -DTIME_WITH_SYS_TIME=1 -DHAVE_SYS_SELECT_H=1 -DHAVE_SYS_SOCKET_H=1 -DSELECT_TYPE_ARG1=int -DSELECT_TYPE_ARG234=\(fd_set\ \*\) -DSELECT_TYPE_ARG5=\(struct\ timeval\ \*\) -DRETSIGTYPE=void -DHAVE_STRFTIME=1 -DHAVE_VPRINTF=1 -DHAVE_GETHOSTBYNAME=1 -DHAVE_INET_NTOA=1 -DHAVE_ISASCII=1 -DHAVE_MEMSET=1 -DHAVE_SELECT=1 -DHAVE_SOCKET=1 -DHAVE_STRCHR=1 -DHAVE_STRSTR=1'
DEPDIR='.deps'
ECHO_C=''
ECHO_N='-n'
ECHO_T=''
EGREP='/bin/grep -E'
EXEEXT=''
GREP='/bin/grep'
INSTALL_DATA='${INSTALL} -m 644'
INSTALL_PROGRAM='${INSTALL}'
INSTALL_SCRIPT='${INSTALL}'
INSTALL_STRIP_PROGRAM='$(install_sh) -c -s'
LDFLAGS=''
LIBOBJS=''
LIBS=''
LTLIBOBJS=''
MAKEINFO='makeinfo'
MKDIR_P='/bin/mkdir -p'
OBJEXT='o'
PACKAGE='phddns'
PACKAGE_BUGREPORT='BUG-REPORT-ADDRESS'
PACKAGE_NAME='FULL-PACKAGE-NAME'
PACKAGE_STRING='FULL-PACKAGE-NAME VERSION'
PACKAGE_TARNAME='full-package-name'
PACKAGE_URL=''
PACKAGE_VERSION='VERSION'
PATH_SEPARATOR=':'
SET_MAKE=''
SHELL='/bin/sh'
STRIP=''
VERSION='2.0.6.32828'
ac_ct_CC='/home/Rtl819xSource/toolchain/rsdk-1.5.5-4181-EB-2.6.30-0.9.30.3-110225/bin/rsdk-linux-gcc'
ac_ct_CXX='g++'
am__EXEEXT_FALSE=''
am__EXEEXT_TRUE='#'
am__fastdepCC_FALSE='#'
am__fastdepCC_TRUE=''
am__fastdepCXX_FALSE='#'
am__fastdepCXX_TRUE=''
am__include='include'
am__isrc=''
am__leading_dot='.'
am__nodep='_no'
am__quote=''
am__tar='$${TAR-tar} chof - "$$tardir"'
am__untar='$${TAR-tar} xf -'
bindir='${exec_prefix}/bin'
build_alias=''
datadir='${datarootdir}'
datarootdir='${prefix}/share'
docdir='${datarootdir}/doc/${PACKAGE_TARNAME}'
dvidir='${docdir}'
exec_prefix='${prefix}'
host_alias=''
htmldir='${docdir}'
includedir='${prefix}/include'
infodir='${datarootdir}/info'
install_sh='${SHELL} /home/Rtl819xSource/users/phddns/install-sh'
libdir='${exec_prefix}/lib'
libexecdir='${exec_prefix}/libexec'
localedir='${datarootdir}/locale'
localstatedir='${prefix}/var'
mandir='${datarootdir}/man'
mkdir_p='/bin/mkdir -p'
oldincludedir='/usr/include'
pdfdir='${docdir}'
prefix='/usr/local'
program_transform_name='s,x,x,'
psdir='${docdir}'
sbindir='${exec_prefix}/sbin'
sharedstatedir='${prefix}/com'
sysconfdir='${prefix}/etc'
target_alias=''

## ----------- ##
## confdefs.h. ##
## ----------- ##

/* confdefs.h */
#define PACKAGE_NAME "FULL-PACKAGE-NAME"
#define PACKAGE_TARNAME "full-package-name"
#define PACKAGE_VERSION "VERSION"
#define PACKAGE_STRING "FULL-PACKAGE-NAME VERSION"
#define PACKAGE_BUGREPORT "BUG-REPORT-ADDRESS"
#define PACKAGE_URL ""
#define PACKAGE "phddns"
#define VERSION "2.0.6.32828"
#define HAVE_SYS_TYPES_H 1
#define HAVE_SYS_STAT_H 1
#define HAVE_STDLIB_H 1
#define HAVE_STRING_H 1
#define HAVE_MEMORY_H 1
#define HAVE_STRINGS_H 1
#define HAVE_INTTYPES_H 1
#define HAVE_STDINT_H 1
#define HAVE_UNISTD_H 1
#define HAVE_ARPA_INET_H 1
#define HAVE_FCNTL_H 1
#define HAVE_MEMORY_H 1
#define HAVE_NETDB_H 1
#define HAVE_NETINET_IN_H 1
#define HAVE_STDDEF_H 1
#define HAVE_STDLIB_H 1
#define HAVE_STRING_H 1
#define HAVE_SYS_IOCTL_H 1
#define HAVE_SYS_SOCKET_H 1
#define HAVE_SYS_TIME_H 1
#define HAVE_SYS_TIMEB_H 1
#define HAVE_TERMIOS_H 1
#define HAVE_UNISTD_H 1
#define HAVE__BOOL 1
#define HAVE_STDBOOL_H 1
#define TIME_WITH_SYS_TIME 1
#define HAVE_SYS_SELECT_H 1
#define HAVE_SYS_SOCKET_H 1
#define SELECT_TYPE_ARG1 int
#define SELECT_TYPE_ARG234 (fd_set *)
#define SELECT_TYPE_ARG5 (struct timeval *)
#define RETSIGTYPE void
#define HAVE_STRFTIME 1
#define HAVE_VPRINTF 1
#define HAVE_GETHOSTBYNAME 1
#define HAVE_INET_NTOA 1
#define HAVE_ISASCII 1
#define HAVE_MEMSET 1
#define HAVE_SELECT 1
#define HAVE_SOCKET 1
#define HAVE_STRCHR 1
#define HAVE_STRSTR 1

configure: exit 0
